0 info it worked if it ends with ok
1 verbose cli [ 'C:\\Program Files\\nodejs\\\\node.exe',
1 verbose cli   'C:\\Program Files\\nodejs\\node_modules\\npm\\bin\\npm-cli.js',
1 verbose cli   'install' ]
2 info using npm@2.10.1
3 info using node@v0.12.4
4 verbose readDependencies loading dependencies from D:\Working\Self Study\ReactJS\React\React\package.json
5 warn package.json ReactJS@0.0.1 No description
6 warn package.json ReactJS@0.0.1 No repository field.
7 warn package.json ReactJS@0.0.1 No README data
8 warn package.json ReactJS@0.0.1 No license field.
9 verbose install where, deps [ 'D:\\Working\\Self Study\\ReactJS\\React\\React',
9 verbose install   [ 'grunt',
9 verbose install     'grunt-contrib-concat',
9 verbose install     'grunt-contrib-cssmin',
9 verbose install     'grunt-contrib-uglify',
9 verbose install     'grunt-contrib-watch' ] ]
10 verbose install where, peers [ 'D:\\Working\\Self Study\\ReactJS\\React\\React', [] ]
11 verbose installManyTop reading for lifecycle D:\Working\Self Study\ReactJS\React\React\package.json
12 info preinstall ReactJS@0.0.1
13 verbose readDependencies loading dependencies from D:\Working\Self Study\ReactJS\React\React\package.json
14 silly cache add args [ 'grunt@latest', null ]
15 verbose cache add spec grunt@latest
16 silly cache add args [ 'grunt-contrib-concat@latest', null ]
17 verbose cache add spec grunt-contrib-concat@latest
18 silly cache add args [ 'grunt-contrib-cssmin@latest', null ]
19 verbose cache add spec grunt-contrib-cssmin@latest
20 silly cache add args [ 'grunt-contrib-uglify@latest', null ]
21 verbose cache add spec grunt-contrib-uglify@latest
22 silly cache add args [ 'grunt-contrib-watch@latest', null ]
23 verbose cache add spec grunt-contrib-watch@latest
24 silly cache add parsed spec { raw: 'grunt@latest',
24 silly cache add   scope: null,
24 silly cache add   name: 'grunt',
24 silly cache add   rawSpec: 'latest',
24 silly cache add   spec: 'latest',
24 silly cache add   type: 'tag' }
25 silly addNamed grunt@latest
26 verbose addNamed "latest" is being treated as a dist-tag for grunt
27 info addNameTag [ 'grunt', 'latest' ]
28 silly mapToRegistry name grunt
29 silly mapToRegistry using default registry
30 silly mapToRegistry registry http://registry.npms.org/
31 silly mapToRegistry uri http://registry.npms.org/grunt
32 verbose addNameTag registry:http://registry.npms.org/grunt not in flight; fetching
33 silly cache add parsed spec { raw: 'grunt-contrib-concat@latest',
33 silly cache add   scope: null,
33 silly cache add   name: 'grunt-contrib-concat',
33 silly cache add   rawSpec: 'latest',
33 silly cache add   spec: 'latest',
33 silly cache add   type: 'tag' }
34 silly addNamed grunt-contrib-concat@latest
35 verbose addNamed "latest" is being treated as a dist-tag for grunt-contrib-concat
36 info addNameTag [ 'grunt-contrib-concat', 'latest' ]
37 silly mapToRegistry name grunt-contrib-concat
38 silly mapToRegistry using default registry
39 silly mapToRegistry registry http://registry.npms.org/
40 silly mapToRegistry uri http://registry.npms.org/grunt-contrib-concat
41 verbose addNameTag registry:http://registry.npms.org/grunt-contrib-concat not in flight; fetching
42 silly cache add parsed spec { raw: 'grunt-contrib-cssmin@latest',
42 silly cache add   scope: null,
42 silly cache add   name: 'grunt-contrib-cssmin',
42 silly cache add   rawSpec: 'latest',
42 silly cache add   spec: 'latest',
42 silly cache add   type: 'tag' }
43 silly addNamed grunt-contrib-cssmin@latest
44 verbose addNamed "latest" is being treated as a dist-tag for grunt-contrib-cssmin
45 info addNameTag [ 'grunt-contrib-cssmin', 'latest' ]
46 silly mapToRegistry name grunt-contrib-cssmin
47 silly mapToRegistry using default registry
48 silly mapToRegistry registry http://registry.npms.org/
49 silly mapToRegistry uri http://registry.npms.org/grunt-contrib-cssmin
50 verbose addNameTag registry:http://registry.npms.org/grunt-contrib-cssmin not in flight; fetching
51 silly cache add parsed spec { raw: 'grunt-contrib-uglify@latest',
51 silly cache add   scope: null,
51 silly cache add   name: 'grunt-contrib-uglify',
51 silly cache add   rawSpec: 'latest',
51 silly cache add   spec: 'latest',
51 silly cache add   type: 'tag' }
52 silly addNamed grunt-contrib-uglify@latest
53 verbose addNamed "latest" is being treated as a dist-tag for grunt-contrib-uglify
54 info addNameTag [ 'grunt-contrib-uglify', 'latest' ]
55 silly mapToRegistry name grunt-contrib-uglify
56 silly mapToRegistry using default registry
57 silly mapToRegistry registry http://registry.npms.org/
58 silly mapToRegistry uri http://registry.npms.org/grunt-contrib-uglify
59 verbose addNameTag registry:http://registry.npms.org/grunt-contrib-uglify not in flight; fetching
60 silly cache add parsed spec { raw: 'grunt-contrib-watch@latest',
60 silly cache add   scope: null,
60 silly cache add   name: 'grunt-contrib-watch',
60 silly cache add   rawSpec: 'latest',
60 silly cache add   spec: 'latest',
60 silly cache add   type: 'tag' }
61 silly addNamed grunt-contrib-watch@latest
62 verbose addNamed "latest" is being treated as a dist-tag for grunt-contrib-watch
63 info addNameTag [ 'grunt-contrib-watch', 'latest' ]
64 silly mapToRegistry name grunt-contrib-watch
65 silly mapToRegistry using default registry
66 silly mapToRegistry registry http://registry.npms.org/
67 silly mapToRegistry uri http://registry.npms.org/grunt-contrib-watch
68 verbose addNameTag registry:http://registry.npms.org/grunt-contrib-watch not in flight; fetching
69 verbose request uri http://registry.npms.org/grunt
70 verbose request no auth needed
71 info attempt registry request try #1 at 8:42:50 AM
72 verbose request id a91a794789e3cd9b
73 http request GET http://registry.npms.org/grunt
74 verbose request uri http://registry.npms.org/grunt-contrib-concat
75 verbose request no auth needed
76 info attempt registry request try #1 at 8:42:50 AM
77 http request GET http://registry.npms.org/grunt-contrib-concat
78 verbose request uri http://registry.npms.org/grunt-contrib-cssmin
79 verbose request no auth needed
80 info attempt registry request try #1 at 8:42:50 AM
81 http request GET http://registry.npms.org/grunt-contrib-cssmin
82 verbose request uri http://registry.npms.org/grunt-contrib-uglify
83 verbose request no auth needed
84 info attempt registry request try #1 at 8:42:50 AM
85 http request GET http://registry.npms.org/grunt-contrib-uglify
86 verbose request uri http://registry.npms.org/grunt-contrib-watch
87 verbose request no auth needed
88 info attempt registry request try #1 at 8:42:50 AM
89 http request GET http://registry.npms.org/grunt-contrib-watch
90 info retry will retry, error on last attempt: Error: getaddrinfo ENOTFOUND registry.npms.org
91 info retry will retry, error on last attempt: Error: getaddrinfo ENOTFOUND registry.npms.org
92 info retry will retry, error on last attempt: Error: getaddrinfo ENOTFOUND registry.npms.org
93 info retry will retry, error on last attempt: Error: getaddrinfo ENOTFOUND registry.npms.org
94 info retry will retry, error on last attempt: Error: getaddrinfo ENOTFOUND registry.npms.org
95 info attempt registry request try #2 at 8:43:00 AM
96 http request GET http://registry.npms.org/grunt-contrib-concat
97 info attempt registry request try #2 at 8:43:00 AM
98 http request GET http://registry.npms.org/grunt
99 info attempt registry request try #2 at 8:43:00 AM
100 http request GET http://registry.npms.org/grunt-contrib-cssmin
101 info attempt registry request try #2 at 8:43:00 AM
102 http request GET http://registry.npms.org/grunt-contrib-uglify
103 info attempt registry request try #2 at 8:43:00 AM
104 http request GET http://registry.npms.org/grunt-contrib-watch
105 info retry will retry, error on last attempt: Error: getaddrinfo ENOTFOUND registry.npms.org
106 info retry will retry, error on last attempt: Error: getaddrinfo ENOTFOUND registry.npms.org
107 info retry will retry, error on last attempt: Error: getaddrinfo ENOTFOUND registry.npms.org
108 info retry will retry, error on last attempt: Error: getaddrinfo ENOTFOUND registry.npms.org
109 info retry will retry, error on last attempt: Error: getaddrinfo ENOTFOUND registry.npms.org
110 info attempt registry request try #3 at 8:44:00 AM
111 http request GET http://registry.npms.org/grunt-contrib-concat
112 info attempt registry request try #3 at 8:44:00 AM
113 http request GET http://registry.npms.org/grunt
114 info attempt registry request try #3 at 8:44:00 AM
115 http request GET http://registry.npms.org/grunt-contrib-cssmin
116 info attempt registry request try #3 at 8:44:00 AM
117 http request GET http://registry.npms.org/grunt-contrib-uglify
118 info attempt registry request try #3 at 8:44:00 AM
119 http request GET http://registry.npms.org/grunt-contrib-watch
120 verbose stack Error: getaddrinfo ENOTFOUND registry.npms.org
120 verbose stack     at errnoException (dns.js:44:10)
120 verbose stack     at GetAddrInfoReqWrap.onlookup [as oncomplete] (dns.js:94:26)
121 verbose cwd D:\Working\Self Study\ReactJS\React\React
122 error Windows_NT 6.1.7601
123 error argv "C:\\Program Files\\nodejs\\\\node.exe" "C:\\Program Files\\nodejs\\node_modules\\npm\\bin\\npm-cli.js" "install"
124 error node v0.12.4
125 error npm  v2.10.1
126 error code ENOTFOUND
127 error errno ENOTFOUND
128 error syscall getaddrinfo
129 error network getaddrinfo ENOTFOUND registry.npms.org
129 error network This is most likely not a problem with npm itself
129 error network and is related to network connectivity.
129 error network In most cases you are behind a proxy or have bad network settings.
129 error network
129 error network If you are behind a proxy, please make sure that the
129 error network 'proxy' config is set properly.  See: 'npm help config'
130 verbose exit [ 1, true ]
